<scene version="0.0.1">

  <Camera>
    <lookFrom value="0.0 0.0 2.0"/>
    <lookAt value="0.0 0.0 -1.0"/>
    <up value="0.0 1.0 0.0"/>
    <fov value="45.0"/>
    <aspect value="3.0 2.0"/>
    <aperture value="1.001"/>
    <focus_distance value="-1.0"/>
  </Camera>

  <Mesh>
    <source value="../models/box.ply"/>
    <material value="DiffuseLight">
      <texture value="SolidColor">
      	<albedo value="8.0 8.0 9.0"/>
      </texture>
    </material>
    <translation value="0.0 0.0 -3.0"/>
    <rotation value="0.0 0.0 0.0"/>
    <smoothness value="0.0625"/>
  </Mesh>

</scene>
